<?xml version="1.0" encoding="UTF-8"?>
<!-- Generated by org.testng.reporters.JUnitXMLReporter -->
<testsuite hostname="NehaAgrawal" name="Default test" tests="3" failures="0" timestamp="14 Sep 2020 02:56:02 GMT" time="214.112" errors="0">
  <testcase name="loginTest" time="157.298" classname="amazon.LoginTest"/>
  <testcase name="loginTest" time="0.003" classname="amazon.LoginTest">
    <skipped/>
  </testcase> <!-- loginTest -->
  <testcase name="loginTest" time="0.002" classname="amazon.LoginTest">
    <skipped/>
  </testcase> <!-- loginTest -->
</testsuite> <!-- Default test -->
