<?xml version="1.0" encoding="UTF-8"?>
<!-- Generated by org.testng.reporters.JUnitXMLReporter -->
<testsuite hostname="NehaAgrawal" name="Test" tests="15" failures="0" timestamp="14 Sep 2020 09:52:05 GMT" time="42.355" errors="0">
  <testcase name="loginTest" time="20.494" classname="amazon.LoginTest"/>
  <testcase name="loginTest" time="0.004" classname="amazon.LoginTest">
    <skipped/>
  </testcase> <!-- loginTest -->
  <testcase name="loginTest" time="0.001" classname="amazon.LoginTest">
    <skipped/>
  </testcase> <!-- loginTest -->
  <testcase name="searchProduct" time="3.936" classname="amazon.SearchProduct"/>
  <testcase name="searchProduct" time="0.002" classname="amazon.SearchProduct">
    <skipped/>
  </testcase> <!-- searchProduct -->
  <testcase name="searchProduct" time="0.001" classname="amazon.SearchProduct">
    <skipped/>
  </testcase> <!-- searchProduct -->
  <testcase name="searchProduct" time="7.887" classname="amazon.AddToCart"/>
  <testcase name="searchProduct" time="0.002" classname="amazon.AddToCart">
    <skipped/>
  </testcase> <!-- searchProduct -->
  <testcase name="searchProduct" time="0.004" classname="amazon.AddToCart">
    <skipped/>
  </testcase> <!-- searchProduct -->
  <testcase name="searchProduct" time="3.583" classname="amazon.CartList"/>
  <testcase name="searchProduct" time="0.002" classname="amazon.CartList">
    <skipped/>
  </testcase> <!-- searchProduct -->
  <testcase name="searchProduct" time="0.001" classname="amazon.CartList">
    <skipped/>
  </testcase> <!-- searchProduct -->
  <testcase name="searchProduct" time="3.759" classname="amazon.Logout"/>
  <testcase name="searchProduct" time="0.002" classname="amazon.Logout">
    <skipped/>
  </testcase> <!-- searchProduct -->
  <testcase name="searchProduct" time="0.001" classname="amazon.Logout">
    <skipped/>
  </testcase> <!-- searchProduct -->
</testsuite> <!-- Test -->
