<?xml version="1.0" encoding="UTF-8"?>
<!-- Generated by org.testng.reporters.JUnitXMLReporter -->
<testsuite hostname="NehaAgrawal" name="Test" tests="15" failures="15" timestamp="14 Sep 2020 05:23:00 GMT" time="1.11" errors="0">
  <testcase name="loginTest" time="0.006" classname="amazon.LoginTest">
    <failure type="java.lang.NullPointerException">
      <![CDATA[java.lang.NullPointerException
	at amazon.base.pages.BasePage.getDriver(BasePage.java:38)
	at amazon.base.pages.BasePage.getCurrentDriver(BasePage.java:48)
	at amazon.base.pages.BasePage.<init>(BasePage.java:23)
	at amazon.util.Xls_Reader.<init>(Xls_Reader.java:21)
	at amazon.LoginTest.loginTest(LoginTest.java:56)
	at org.apache.maven.surefire.testng.TestNGExecutor.run(TestNGExecutor.java:283)
	at org.apache.maven.surefire.testng.TestNGXmlTestSuite.execute(TestNGXmlTestSuite.java:75)
	at org.apache.maven.surefire.testng.TestNGProvider.invoke(TestNGProvider.java:120)
	at org.apache.maven.surefire.booter.ForkedBooter.runSuitesInProcess(ForkedBooter.java:377)
	at org.apache.maven.surefire.booter.ForkedBooter.execute(ForkedBooter.java:138)
	at org.apache.maven.surefire.booter.ForkedBooter.run(ForkedBooter.java:465)
	at org.apache.maven.surefire.booter.ForkedBooter.main(ForkedBooter.java:451)
... Removed 21 stack frames]]>
    </failure>
  </testcase> <!-- loginTest -->
  <testcase name="loginTest" time="0.0" classname="amazon.LoginTest">
    <failure type="java.lang.NullPointerException">
      <![CDATA[java.lang.NullPointerException
	at amazon.LoginTest.loginTest(LoginTest.java:62)
	at org.apache.maven.surefire.testng.TestNGExecutor.run(TestNGExecutor.java:283)
	at org.apache.maven.surefire.testng.TestNGXmlTestSuite.execute(TestNGXmlTestSuite.java:75)
	at org.apache.maven.surefire.testng.TestNGProvider.invoke(TestNGProvider.java:120)
	at org.apache.maven.surefire.booter.ForkedBooter.runSuitesInProcess(ForkedBooter.java:377)
	at org.apache.maven.surefire.booter.ForkedBooter.execute(ForkedBooter.java:138)
	at org.apache.maven.surefire.booter.ForkedBooter.run(ForkedBooter.java:465)
	at org.apache.maven.surefire.booter.ForkedBooter.main(ForkedBooter.java:451)
... Removed 21 stack frames]]>
    </failure>
  </testcase> <!-- loginTest -->
  <testcase name="loginTest" time="0.0" classname="amazon.LoginTest">
    <failure type="java.lang.NullPointerException">
      <![CDATA[java.lang.NullPointerException
	at amazon.LoginTest.loginTest(LoginTest.java:62)
	at org.apache.maven.surefire.testng.TestNGExecutor.run(TestNGExecutor.java:283)
	at org.apache.maven.surefire.testng.TestNGXmlTestSuite.execute(TestNGXmlTestSuite.java:75)
	at org.apache.maven.surefire.testng.TestNGProvider.invoke(TestNGProvider.java:120)
	at org.apache.maven.surefire.booter.ForkedBooter.runSuitesInProcess(ForkedBooter.java:377)
	at org.apache.maven.surefire.booter.ForkedBooter.execute(ForkedBooter.java:138)
	at org.apache.maven.surefire.booter.ForkedBooter.run(ForkedBooter.java:465)
	at org.apache.maven.surefire.booter.ForkedBooter.main(ForkedBooter.java:451)
... Removed 21 stack frames]]>
    </failure>
  </testcase> <!-- loginTest -->
  <testcase name="searchProduct" time="0.0" classname="amazon.SearchProduct">
    <failure type="java.lang.NullPointerException">
      <![CDATA[java.lang.NullPointerException
	at amazon.base.pages.BasePage.getDriver(BasePage.java:38)
	at amazon.base.pages.BasePage.getCurrentDriver(BasePage.java:48)
	at amazon.base.pages.BasePage.<init>(BasePage.java:23)
	at amazon.util.Xls_Reader.<init>(Xls_Reader.java:21)
	at amazon.SearchProduct.searchProduct(SearchProduct.java:53)
	at org.apache.maven.surefire.testng.TestNGExecutor.run(TestNGExecutor.java:283)
	at org.apache.maven.surefire.testng.TestNGXmlTestSuite.execute(TestNGXmlTestSuite.java:75)
	at org.apache.maven.surefire.testng.TestNGProvider.invoke(TestNGProvider.java:120)
	at org.apache.maven.surefire.booter.ForkedBooter.runSuitesInProcess(ForkedBooter.java:377)
	at org.apache.maven.surefire.booter.ForkedBooter.execute(ForkedBooter.java:138)
	at org.apache.maven.surefire.booter.ForkedBooter.run(ForkedBooter.java:465)
	at org.apache.maven.surefire.booter.ForkedBooter.main(ForkedBooter.java:451)
... Removed 21 stack frames]]>
    </failure>
  </testcase> <!-- searchProduct -->
  <testcase name="searchProduct" time="0.001" classname="amazon.SearchProduct">
    <failure type="java.lang.NullPointerException">
      <![CDATA[java.lang.NullPointerException
	at amazon.SearchProduct.searchProduct(SearchProduct.java:59)
	at org.apache.maven.surefire.testng.TestNGExecutor.run(TestNGExecutor.java:283)
	at org.apache.maven.surefire.testng.TestNGXmlTestSuite.execute(TestNGXmlTestSuite.java:75)
	at org.apache.maven.surefire.testng.TestNGProvider.invoke(TestNGProvider.java:120)
	at org.apache.maven.surefire.booter.ForkedBooter.runSuitesInProcess(ForkedBooter.java:377)
	at org.apache.maven.surefire.booter.ForkedBooter.execute(ForkedBooter.java:138)
	at org.apache.maven.surefire.booter.ForkedBooter.run(ForkedBooter.java:465)
	at org.apache.maven.surefire.booter.ForkedBooter.main(ForkedBooter.java:451)
... Removed 21 stack frames]]>
    </failure>
  </testcase> <!-- searchProduct -->
  <testcase name="searchProduct" time="0.0" classname="amazon.SearchProduct">
    <failure type="java.lang.NullPointerException">
      <![CDATA[java.lang.NullPointerException
	at amazon.SearchProduct.searchProduct(SearchProduct.java:59)
	at org.apache.maven.surefire.testng.TestNGExecutor.run(TestNGExecutor.java:283)
	at org.apache.maven.surefire.testng.TestNGXmlTestSuite.execute(TestNGXmlTestSuite.java:75)
	at org.apache.maven.surefire.testng.TestNGProvider.invoke(TestNGProvider.java:120)
	at org.apache.maven.surefire.booter.ForkedBooter.runSuitesInProcess(ForkedBooter.java:377)
	at org.apache.maven.surefire.booter.ForkedBooter.execute(ForkedBooter.java:138)
	at org.apache.maven.surefire.booter.ForkedBooter.run(ForkedBooter.java:465)
	at org.apache.maven.surefire.booter.ForkedBooter.main(ForkedBooter.java:451)
... Removed 21 stack frames]]>
    </failure>
  </testcase> <!-- searchProduct -->
  <testcase name="searchProduct" time="0.0" classname="amazon.AddToCart">
    <failure type="java.lang.NullPointerException">
      <![CDATA[java.lang.NullPointerException
	at amazon.base.pages.BasePage.getDriver(BasePage.java:38)
	at amazon.base.pages.BasePage.getCurrentDriver(BasePage.java:48)
	at amazon.base.pages.BasePage.<init>(BasePage.java:23)
	at amazon.util.Xls_Reader.<init>(Xls_Reader.java:21)
	at amazon.AddToCart.searchProduct(AddToCart.java:48)
	at org.apache.maven.surefire.testng.TestNGExecutor.run(TestNGExecutor.java:283)
	at org.apache.maven.surefire.testng.TestNGXmlTestSuite.execute(TestNGXmlTestSuite.java:75)
	at org.apache.maven.surefire.testng.TestNGProvider.invoke(TestNGProvider.java:120)
	at org.apache.maven.surefire.booter.ForkedBooter.runSuitesInProcess(ForkedBooter.java:377)
	at org.apache.maven.surefire.booter.ForkedBooter.execute(ForkedBooter.java:138)
	at org.apache.maven.surefire.booter.ForkedBooter.run(ForkedBooter.java:465)
	at org.apache.maven.surefire.booter.ForkedBooter.main(ForkedBooter.java:451)
... Removed 21 stack frames]]>
    </failure>
  </testcase> <!-- searchProduct -->
  <testcase name="searchProduct" time="0.001" classname="amazon.AddToCart">
    <failure type="java.lang.NullPointerException">
      <![CDATA[java.lang.NullPointerException
	at amazon.AddToCart.searchProduct(AddToCart.java:62)
	at org.apache.maven.surefire.testng.TestNGExecutor.run(TestNGExecutor.java:283)
	at org.apache.maven.surefire.testng.TestNGXmlTestSuite.execute(TestNGXmlTestSuite.java:75)
	at org.apache.maven.surefire.testng.TestNGProvider.invoke(TestNGProvider.java:120)
	at org.apache.maven.surefire.booter.ForkedBooter.runSuitesInProcess(ForkedBooter.java:377)
	at org.apache.maven.surefire.booter.ForkedBooter.execute(ForkedBooter.java:138)
	at org.apache.maven.surefire.booter.ForkedBooter.run(ForkedBooter.java:465)
	at org.apache.maven.surefire.booter.ForkedBooter.main(ForkedBooter.java:451)
... Removed 21 stack frames]]>
    </failure>
  </testcase> <!-- searchProduct -->
  <testcase name="searchProduct" time="0.0" classname="amazon.AddToCart">
    <failure type="java.lang.NullPointerException">
      <![CDATA[java.lang.NullPointerException
	at amazon.AddToCart.searchProduct(AddToCart.java:62)
	at org.apache.maven.surefire.testng.TestNGExecutor.run(TestNGExecutor.java:283)
	at org.apache.maven.surefire.testng.TestNGXmlTestSuite.execute(TestNGXmlTestSuite.java:75)
	at org.apache.maven.surefire.testng.TestNGProvider.invoke(TestNGProvider.java:120)
	at org.apache.maven.surefire.booter.ForkedBooter.runSuitesInProcess(ForkedBooter.java:377)
	at org.apache.maven.surefire.booter.ForkedBooter.execute(ForkedBooter.java:138)
	at org.apache.maven.surefire.booter.ForkedBooter.run(ForkedBooter.java:465)
	at org.apache.maven.surefire.booter.ForkedBooter.main(ForkedBooter.java:451)
... Removed 21 stack frames]]>
    </failure>
  </testcase> <!-- searchProduct -->
  <testcase name="searchProduct" time="0.001" classname="amazon.CartList">
    <failure type="java.lang.NullPointerException">
      <![CDATA[java.lang.NullPointerException
	at amazon.base.pages.BasePage.getDriver(BasePage.java:38)
	at amazon.base.pages.BasePage.getCurrentDriver(BasePage.java:48)
	at amazon.base.pages.BasePage.<init>(BasePage.java:23)
	at amazon.util.Xls_Reader.<init>(Xls_Reader.java:21)
	at amazon.CartList.searchProduct(CartList.java:50)
	at org.apache.maven.surefire.testng.TestNGExecutor.run(TestNGExecutor.java:283)
	at org.apache.maven.surefire.testng.TestNGXmlTestSuite.execute(TestNGXmlTestSuite.java:75)
	at org.apache.maven.surefire.testng.TestNGProvider.invoke(TestNGProvider.java:120)
	at org.apache.maven.surefire.booter.ForkedBooter.runSuitesInProcess(ForkedBooter.java:377)
	at org.apache.maven.surefire.booter.ForkedBooter.execute(ForkedBooter.java:138)
	at org.apache.maven.surefire.booter.ForkedBooter.run(ForkedBooter.java:465)
	at org.apache.maven.surefire.booter.ForkedBooter.main(ForkedBooter.java:451)
... Removed 21 stack frames]]>
    </failure>
  </testcase> <!-- searchProduct -->
  <testcase name="searchProduct" time="0.0" classname="amazon.CartList">
    <failure type="java.lang.NullPointerException">
      <![CDATA[java.lang.NullPointerException
	at amazon.CartList.searchProduct(CartList.java:69)
	at org.apache.maven.surefire.testng.TestNGExecutor.run(TestNGExecutor.java:283)
	at org.apache.maven.surefire.testng.TestNGXmlTestSuite.execute(TestNGXmlTestSuite.java:75)
	at org.apache.maven.surefire.testng.TestNGProvider.invoke(TestNGProvider.java:120)
	at org.apache.maven.surefire.booter.ForkedBooter.runSuitesInProcess(ForkedBooter.java:377)
	at org.apache.maven.surefire.booter.ForkedBooter.execute(ForkedBooter.java:138)
	at org.apache.maven.surefire.booter.ForkedBooter.run(ForkedBooter.java:465)
	at org.apache.maven.surefire.booter.ForkedBooter.main(ForkedBooter.java:451)
... Removed 21 stack frames]]>
    </failure>
  </testcase> <!-- searchProduct -->
  <testcase name="searchProduct" time="0.001" classname="amazon.CartList">
    <failure type="java.lang.NullPointerException">
      <![CDATA[java.lang.NullPointerException
	at amazon.CartList.searchProduct(CartList.java:69)
	at org.apache.maven.surefire.testng.TestNGExecutor.run(TestNGExecutor.java:283)
	at org.apache.maven.surefire.testng.TestNGXmlTestSuite.execute(TestNGXmlTestSuite.java:75)
	at org.apache.maven.surefire.testng.TestNGProvider.invoke(TestNGProvider.java:120)
	at org.apache.maven.surefire.booter.ForkedBooter.runSuitesInProcess(ForkedBooter.java:377)
	at org.apache.maven.surefire.booter.ForkedBooter.execute(ForkedBooter.java:138)
	at org.apache.maven.surefire.booter.ForkedBooter.run(ForkedBooter.java:465)
	at org.apache.maven.surefire.booter.ForkedBooter.main(ForkedBooter.java:451)
... Removed 21 stack frames]]>
    </failure>
  </testcase> <!-- searchProduct -->
  <testcase name="searchProduct" time="0.0" classname="amazon.Logout">
    <failure type="java.lang.NullPointerException">
      <![CDATA[java.lang.NullPointerException
	at amazon.base.pages.BasePage.getDriver(BasePage.java:38)
	at amazon.base.pages.BasePage.getCurrentDriver(BasePage.java:48)
	at amazon.base.pages.BasePage.<init>(BasePage.java:23)
	at amazon.util.Xls_Reader.<init>(Xls_Reader.java:21)
	at amazon.Logout.searchProduct(Logout.java:51)
	at org.apache.maven.surefire.testng.TestNGExecutor.run(TestNGExecutor.java:283)
	at org.apache.maven.surefire.testng.TestNGXmlTestSuite.execute(TestNGXmlTestSuite.java:75)
	at org.apache.maven.surefire.testng.TestNGProvider.invoke(TestNGProvider.java:120)
	at org.apache.maven.surefire.booter.ForkedBooter.runSuitesInProcess(ForkedBooter.java:377)
	at org.apache.maven.surefire.booter.ForkedBooter.execute(ForkedBooter.java:138)
	at org.apache.maven.surefire.booter.ForkedBooter.run(ForkedBooter.java:465)
	at org.apache.maven.surefire.booter.ForkedBooter.main(ForkedBooter.java:451)
... Removed 21 stack frames]]>
    </failure>
  </testcase> <!-- searchProduct -->
  <testcase name="searchProduct" time="0.0" classname="amazon.Logout">
    <failure type="java.lang.NullPointerException">
      <![CDATA[java.lang.NullPointerException
	at amazon.Logout.searchProduct(Logout.java:70)
	at org.apache.maven.surefire.testng.TestNGExecutor.run(TestNGExecutor.java:283)
	at org.apache.maven.surefire.testng.TestNGXmlTestSuite.execute(TestNGXmlTestSuite.java:75)
	at org.apache.maven.surefire.testng.TestNGProvider.invoke(TestNGProvider.java:120)
	at org.apache.maven.surefire.booter.ForkedBooter.runSuitesInProcess(ForkedBooter.java:377)
	at org.apache.maven.surefire.booter.ForkedBooter.execute(ForkedBooter.java:138)
	at org.apache.maven.surefire.booter.ForkedBooter.run(ForkedBooter.java:465)
	at org.apache.maven.surefire.booter.ForkedBooter.main(ForkedBooter.java:451)
... Removed 21 stack frames]]>
    </failure>
  </testcase> <!-- searchProduct -->
  <testcase name="searchProduct" time="0.001" classname="amazon.Logout">
    <failure type="java.lang.NullPointerException">
      <![CDATA[java.lang.NullPointerException
	at amazon.Logout.searchProduct(Logout.java:70)
	at org.apache.maven.surefire.testng.TestNGExecutor.run(TestNGExecutor.java:283)
	at org.apache.maven.surefire.testng.TestNGXmlTestSuite.execute(TestNGXmlTestSuite.java:75)
	at org.apache.maven.surefire.testng.TestNGProvider.invoke(TestNGProvider.java:120)
	at org.apache.maven.surefire.booter.ForkedBooter.runSuitesInProcess(ForkedBooter.java:377)
	at org.apache.maven.surefire.booter.ForkedBooter.execute(ForkedBooter.java:138)
	at org.apache.maven.surefire.booter.ForkedBooter.run(ForkedBooter.java:465)
	at org.apache.maven.surefire.booter.ForkedBooter.main(ForkedBooter.java:451)
... Removed 21 stack frames]]>
    </failure>
  </testcase> <!-- searchProduct -->
</testsuite> <!-- Test -->
